<?xml version="1.0" encoding="UTF-8"?>
<testng-results skipped="0" failed="0" ignored="0" total="1" passed="1">
  <reporter-output>
  </reporter-output>
  <suite name="Default suite" duration-ms="66058" started-at="2019-12-09T20:34:05 IST" finished-at="2019-12-09T20:35:11 IST">
    <groups>
    </groups>
    <test name="Default test" duration-ms="66058" started-at="2019-12-09T20:34:05 IST" finished-at="2019-12-09T20:35:11 IST">
      <class name="org.service.day1.TestCase1">
        <test-method status="PASS" signature="launch()[pri:0, instance:org.service.day1.TestCase1@7f13d6e]" name="launch" is-config="true" duration-ms="33946" started-at="2019-12-09T20:34:05 IST" finished-at="2019-12-09T20:34:39 IST">
          <reporter-output>
          </reporter-output>
        </test-method> <!-- launch -->
        <test-method status="PASS" signature="Create()[pri:0, instance:org.service.day1.TestCase1@7f13d6e]" name="Create" is-config="true" duration-ms="5713" started-at="2019-12-09T20:34:39 IST" finished-at="2019-12-09T20:34:45 IST">
          <reporter-output>
          </reporter-output>
        </test-method> <!-- Create -->
        <test-method status="PASS" signature="CreateOne()[pri:0, instance:org.service.day1.TestCase1@7f13d6e]" name="CreateOne" duration-ms="26325" started-at="2019-12-09T20:34:45 IST" finished-at="2019-12-09T20:35:11 IST">
          <reporter-output>
          </reporter-output>
        </test-method> <!-- CreateOne -->
      </class> <!-- org.service.day1.TestCase1 -->
    </test> <!-- Default test -->
  </suite> <!-- Default suite -->
</testng-results>
